239928:C 27 Jul 2025 22:00:14.206 # WARNING: Changing databases number from 16 to 1 since we are in cluster mode
239928:C 27 Jul 2025 22:00:14.206 # WARNING Memory overcommit must be enabled! Without it, a background save or replication may fail under low memory condition. Being disabled, it can also cause failures without low memory condition, see https://github.com/jemalloc/jemalloc/issues/1328. To fix this issue add 'vm.overcommit_memory = 1' to /etc/sysctl.conf and then reboot or run the command 'sysctl vm.overcommit_memory=1' for this to take effect.
239929:C 27 Jul 2025 22:00:14.207 * oO0OoO0OoO0Oo Redis is starting oO0OoO0OoO0Oo
239929:C 27 Jul 2025 22:00:14.207 * Redis version=7.2.10, bits=64, commit=952cbb0f, modified=0, pid=239929, just started
239929:C 27 Jul 2025 22:00:14.207 * Configuration loaded
239929:M 27 Jul 2025 22:00:14.207 * monotonic clock: POSIX clock_gettime
239929:M 27 Jul 2025 22:00:14.207 # Failed to write PID file: Permission denied
239929:M 27 Jul 2025 22:00:14.207 * Running mode=cluster, port=7011.
239929:M 27 Jul 2025 22:00:14.208 * No cluster configuration found, I'm ff17b60e128d58cbd6d683ce43507676461b65e2
239929:M 27 Jul 2025 22:00:14.210 * Server initialized
239929:M 27 Jul 2025 22:00:14.210 * Creating AOF base file appendonly-7011.aof.1.base.rdb on server start
239929:M 27 Jul 2025 22:00:14.211 * Creating AOF incr file appendonly-7011.aof.1.incr.aof on server start
239929:M 27 Jul 2025 22:00:14.211 * Ready to accept connections tcp
239929:M 27 Jul 2025 22:00:29.316 # Missing implement of connection type tls
239929:M 27 Jul 2025 22:00:29.326 * configEpoch set to 1 via CLUSTER SET-CONFIG-EPOCH
239929:M 27 Jul 2025 22:00:34.312 * Cluster state changed: ok
239929:M 27 Jul 2025 22:01:17.515 * 10000 changes in 60 seconds. Saving...
239929:M 27 Jul 2025 22:01:17.515 * Background saving started by pid 247065
247065:C 27 Jul 2025 22:01:17.518 * DB saved on disk
247065:C 27 Jul 2025 22:01:17.518 * Fork CoW for RDB: current 0 MB, peak 0 MB, average 0 MB
239929:M 27 Jul 2025 22:01:17.616 * Background saving terminated with success
239929:M 27 Jul 2025 22:02:18.002 * 10000 changes in 60 seconds. Saving...
239929:M 27 Jul 2025 22:02:18.002 * Background saving started by pid 253898
253898:C 27 Jul 2025 22:02:18.016 * DB saved on disk
253898:C 27 Jul 2025 22:02:18.016 * Fork CoW for RDB: current 0 MB, peak 0 MB, average 0 MB
239929:M 27 Jul 2025 22:02:18.103 * Background saving terminated with success
239929:M 27 Jul 2025 22:06:21.506 * 10000 changes in 60 seconds. Saving...
239929:M 27 Jul 2025 22:06:21.506 * Background saving started by pid 260088
260088:C 27 Jul 2025 22:06:21.522 * DB saved on disk
260088:C 27 Jul 2025 22:06:21.522 * Fork CoW for RDB: current 0 MB, peak 0 MB, average 0 MB
239929:M 27 Jul 2025 22:06:21.606 * Background saving terminated with success
239929:M 27 Jul 2025 22:07:22.035 * 10000 changes in 60 seconds. Saving...
239929:M 27 Jul 2025 22:07:22.035 * Background saving started by pid 262030
262030:C 27 Jul 2025 22:07:22.042 * DB saved on disk
262030:C 27 Jul 2025 22:07:22.043 * Fork CoW for RDB: current 0 MB, peak 0 MB, average 0 MB
239929:M 27 Jul 2025 22:07:22.136 * Background saving terminated with success
239929:M 27 Jul 2025 23:49:03.051 * DB saved on disk
239929:M 28 Jul 2025 00:32:22.920 * 1 changes in 900 seconds. Saving...
239929:M 28 Jul 2025 00:32:22.921 * Background saving started by pid 429969
429969:C 28 Jul 2025 00:32:22.932 * DB saved on disk
429969:C 28 Jul 2025 00:32:22.932 * Fork CoW for RDB: current 0 MB, peak 0 MB, average 0 MB
239929:M 28 Jul 2025 00:32:23.023 * Background saving terminated with success
239929:M 28 Jul 2025 00:32:35.613 * Starting automatic rewriting of AOF on 6712857500% growth
239929:M 28 Jul 2025 00:32:35.614 * Creating AOF incr file appendonly-7011.aof.2.incr.aof on background rewrite
239929:M 28 Jul 2025 00:32:35.614 * Background append only file rewriting started by pid 430694
430694:C 28 Jul 2025 00:32:35.616 * Successfully created the temporary AOF base file temp-rewriteaof-bg-430694.aof
430694:C 28 Jul 2025 00:32:35.617 * Fork CoW for AOF rewrite: current 0 MB, peak 0 MB, average 0 MB
239929:M 28 Jul 2025 00:32:35.715 * Background AOF rewrite terminated with success
239929:M 28 Jul 2025 00:32:35.715 * Successfully renamed the temporary AOF base file temp-rewriteaof-bg-430694.aof into appendonly-7011.aof.2.base.rdb
239929:M 28 Jul 2025 00:32:35.717 * Removing the history file appendonly-7011.aof.1.incr.aof in the background
239929:M 28 Jul 2025 00:32:35.717 * Removing the history file appendonly-7011.aof.1.base.rdb in the background
239929:M 28 Jul 2025 00:32:35.718 * Background AOF rewrite finished successfully
239929:M 28 Jul 2025 00:33:24.063 * 10000 changes in 60 seconds. Saving...
239929:M 28 Jul 2025 00:33:24.063 * Background saving started by pid 431950
431950:C 28 Jul 2025 00:33:24.066 * DB saved on disk
431950:C 28 Jul 2025 00:33:24.066 * Fork CoW for RDB: current 0 MB, peak 0 MB, average 0 MB
239929:M 28 Jul 2025 00:33:24.163 * Background saving terminated with success
239929:M 28 Jul 2025 00:46:15.645 * 10 changes in 300 seconds. Saving...
239929:M 28 Jul 2025 00:46:15.645 * Background saving started by pid 450849
450849:C 28 Jul 2025 00:46:15.647 * DB saved on disk
450849:C 28 Jul 2025 00:46:15.648 * Fork CoW for RDB: current 0 MB, peak 0 MB, average 0 MB
239929:M 28 Jul 2025 00:46:15.747 * Background saving terminated with success
239929:M 28 Jul 2025 00:47:16.009 * 10000 changes in 60 seconds. Saving...
239929:M 28 Jul 2025 00:47:16.009 * Background saving started by pid 452941
452941:C 28 Jul 2025 00:47:16.012 * DB saved on disk
452941:C 28 Jul 2025 00:47:16.013 * Fork CoW for RDB: current 0 MB, peak 0 MB, average 0 MB
239929:M 28 Jul 2025 00:47:16.110 * Background saving terminated with success
239929:M 28 Jul 2025 00:51:16.177 * 10000 changes in 60 seconds. Saving...
239929:M 28 Jul 2025 00:51:16.178 * Background saving started by pid 463463
463463:C 28 Jul 2025 00:51:16.181 * DB saved on disk
463463:C 28 Jul 2025 00:51:16.182 * Fork CoW for RDB: current 0 MB, peak 0 MB, average 0 MB
239929:M 28 Jul 2025 00:51:16.279 * Background saving terminated with success
239929:M 28 Jul 2025 00:52:17.024 * 10000 changes in 60 seconds. Saving...
239929:M 28 Jul 2025 00:52:17.025 * Background saving started by pid 466941
466941:C 28 Jul 2025 00:52:17.031 * DB saved on disk
466941:C 28 Jul 2025 00:52:17.032 * Fork CoW for RDB: current 0 MB, peak 0 MB, average 0 MB
239929:M 28 Jul 2025 00:52:17.127 * Background saving terminated with success
239929:M 28 Jul 2025 00:52:17.630 * Starting automatic rewriting of AOF on 28644% growth
239929:M 28 Jul 2025 00:52:17.632 * Creating AOF incr file appendonly-7011.aof.3.incr.aof on background rewrite
239929:M 28 Jul 2025 00:52:17.633 * Background append only file rewriting started by pid 467015
467015:C 28 Jul 2025 00:52:17.639 * Successfully created the temporary AOF base file temp-rewriteaof-bg-467015.aof
467015:C 28 Jul 2025 00:52:17.639 * Fork CoW for AOF rewrite: current 1 MB, peak 1 MB, average 1 MB
239929:M 28 Jul 2025 00:52:17.733 * Background AOF rewrite terminated with success
239929:M 28 Jul 2025 00:52:17.733 * Successfully renamed the temporary AOF base file temp-rewriteaof-bg-467015.aof into appendonly-7011.aof.3.base.rdb
239929:M 28 Jul 2025 00:52:17.734 * Removing the history file appendonly-7011.aof.2.incr.aof in the background
239929:M 28 Jul 2025 00:52:17.734 * Removing the history file appendonly-7011.aof.2.base.rdb in the background
239929:M 28 Jul 2025 00:52:17.735 * Background AOF rewrite finished successfully
239929:M 28 Jul 2025 00:53:18.012 * 10000 changes in 60 seconds. Saving...
239929:M 28 Jul 2025 00:53:18.012 * Background saving started by pid 470429
470429:C 28 Jul 2025 00:53:18.015 * DB saved on disk
470429:C 28 Jul 2025 00:53:18.016 * Fork CoW for RDB: current 0 MB, peak 0 MB, average 0 MB
239929:M 28 Jul 2025 00:53:18.113 * Background saving terminated with success
239929:M 28 Jul 2025 00:54:19.050 * 10000 changes in 60 seconds. Saving...
239929:M 28 Jul 2025 00:54:19.051 * Background saving started by pid 472689
472689:C 28 Jul 2025 00:54:19.070 * DB saved on disk
472689:C 28 Jul 2025 00:54:19.071 * Fork CoW for RDB: current 1 MB, peak 1 MB, average 1 MB
239929:M 28 Jul 2025 00:54:19.152 * Background saving terminated with success
239929:M 28 Jul 2025 00:54:43.887 * Starting automatic rewriting of AOF on 12586% growth
239929:M 28 Jul 2025 00:54:43.891 * Creating AOF incr file appendonly-7011.aof.4.incr.aof on background rewrite
239929:M 28 Jul 2025 00:54:43.893 * Background append only file rewriting started by pid 473496
473496:C 28 Jul 2025 00:54:43.905 * Successfully created the temporary AOF base file temp-rewriteaof-bg-473496.aof
473496:C 28 Jul 2025 00:54:43.906 * Fork CoW for AOF rewrite: current 0 MB, peak 0 MB, average 0 MB
239929:M 28 Jul 2025 00:54:43.993 * Background AOF rewrite terminated with success
239929:M 28 Jul 2025 00:54:43.993 * Successfully renamed the temporary AOF base file temp-rewriteaof-bg-473496.aof into appendonly-7011.aof.4.base.rdb
239929:M 28 Jul 2025 00:54:43.994 * Removing the history file appendonly-7011.aof.3.incr.aof in the background
239929:M 28 Jul 2025 00:54:43.994 * Removing the history file appendonly-7011.aof.3.base.rdb in the background
239929:M 28 Jul 2025 00:54:43.995 * Background AOF rewrite finished successfully
239929:M 28 Jul 2025 00:54:50.853 * Starting automatic rewriting of AOF on 33896% growth
239929:M 28 Jul 2025 00:54:50.859 * Creating AOF incr file appendonly-7011.aof.5.incr.aof on background rewrite
239929:M 28 Jul 2025 00:54:50.861 * Background append only file rewriting started by pid 473880
473880:C 28 Jul 2025 00:54:50.878 * Successfully created the temporary AOF base file temp-rewriteaof-bg-473880.aof
473880:C 28 Jul 2025 00:54:50.878 * Fork CoW for AOF rewrite: current 1 MB, peak 1 MB, average 1 MB
239929:M 28 Jul 2025 00:54:50.962 * Background AOF rewrite terminated with success
239929:M 28 Jul 2025 00:54:50.962 * Successfully renamed the temporary AOF base file temp-rewriteaof-bg-473880.aof into appendonly-7011.aof.5.base.rdb
239929:M 28 Jul 2025 00:54:50.963 * Removing the history file appendonly-7011.aof.4.incr.aof in the background
239929:M 28 Jul 2025 00:54:50.963 * Removing the history file appendonly-7011.aof.4.base.rdb in the background
239929:M 28 Jul 2025 00:54:50.965 * Background AOF rewrite finished successfully
239929:M 28 Jul 2025 00:55:20.040 * 10000 changes in 60 seconds. Saving...
239929:M 28 Jul 2025 00:55:20.041 * Background saving started by pid 474661
474661:C 28 Jul 2025 00:55:20.048 * DB saved on disk
474661:C 28 Jul 2025 00:55:20.048 * Fork CoW for RDB: current 1 MB, peak 1 MB, average 0 MB
239929:M 28 Jul 2025 00:55:20.142 * Background saving terminated with success
