240265:C 27 Jul 2025 22:00:24.303 # WARNING: Changing databases number from 16 to 1 since we are in cluster mode
240265:C 27 Jul 2025 22:00:24.303 # WARNING Memory overcommit must be enabled! Without it, a background save or replication may fail under low memory condition. Being disabled, it can also cause failures without low memory condition, see https://github.com/jemalloc/jemalloc/issues/1328. To fix this issue add 'vm.overcommit_memory = 1' to /etc/sysctl.conf and then reboot or run the command 'sysctl vm.overcommit_memory=1' for this to take effect.
240266:C 27 Jul 2025 22:00:24.303 * oO0OoO0OoO0Oo Redis is starting oO0OoO0OoO0Oo
240266:C 27 Jul 2025 22:00:24.303 * Redis version=7.2.10, bits=64, commit=952cbb0f, modified=0, pid=240266, just started
240266:C 27 Jul 2025 22:00:24.303 * Configuration loaded
240266:M 27 Jul 2025 22:00:24.304 * monotonic clock: POSIX clock_gettime
240266:M 27 Jul 2025 22:00:24.304 # Failed to write PID file: Permission denied
240266:M 27 Jul 2025 22:00:24.304 * Running mode=cluster, port=7016.
240266:M 27 Jul 2025 22:00:24.304 * No cluster configuration found, I'm b30ac8c99318a3eb7595563362e41504d7bcdcb9
240266:M 27 Jul 2025 22:00:24.307 * Server initialized
240266:M 27 Jul 2025 22:00:24.308 * Creating AOF base file appendonly-7016.aof.1.base.rdb on server start
240266:M 27 Jul 2025 22:00:24.309 * Creating AOF incr file appendonly-7016.aof.1.incr.aof on server start
240266:M 27 Jul 2025 22:00:24.309 * Ready to accept connections tcp
240266:M 27 Jul 2025 22:00:29.321 # Missing implement of connection type tls
240266:M 27 Jul 2025 22:00:29.328 * configEpoch set to 6 via CLUSTER SET-CONFIG-EPOCH
240266:M 27 Jul 2025 22:00:34.257 * Cluster state changed: ok
240266:M 27 Jul 2025 22:01:25.013 * 10000 changes in 60 seconds. Saving...
240266:M 27 Jul 2025 22:01:25.014 * Background saving started by pid 248135
248135:C 27 Jul 2025 22:01:25.016 * DB saved on disk
248135:C 27 Jul 2025 22:01:25.016 * Fork CoW for RDB: current 0 MB, peak 0 MB, average 0 MB
240266:M 27 Jul 2025 22:01:25.115 * Background saving terminated with success
240266:M 27 Jul 2025 22:02:26.021 * 10000 changes in 60 seconds. Saving...
240266:M 27 Jul 2025 22:02:26.022 * Background saving started by pid 254097
254097:C 27 Jul 2025 22:02:26.029 * DB saved on disk
254097:C 27 Jul 2025 22:02:26.030 * Fork CoW for RDB: current 0 MB, peak 0 MB, average 0 MB
240266:M 27 Jul 2025 22:02:26.123 * Background saving terminated with success
240266:M 27 Jul 2025 22:06:21.514 * 10000 changes in 60 seconds. Saving...
240266:M 27 Jul 2025 22:06:21.514 * Background saving started by pid 260090
260090:C 27 Jul 2025 22:06:21.526 * DB saved on disk
260090:C 27 Jul 2025 22:06:21.526 * Fork CoW for RDB: current 0 MB, peak 0 MB, average 0 MB
240266:M 27 Jul 2025 22:06:21.615 * Background saving terminated with success
240266:M 27 Jul 2025 22:07:22.044 * 10000 changes in 60 seconds. Saving...
240266:M 27 Jul 2025 22:07:22.045 * Background saving started by pid 262031
262031:C 27 Jul 2025 22:07:22.051 * DB saved on disk
262031:C 27 Jul 2025 22:07:22.052 * Fork CoW for RDB: current 0 MB, peak 0 MB, average 0 MB
240266:M 27 Jul 2025 22:07:22.145 * Background saving terminated with success
240266:M 28 Jul 2025 00:32:22.922 * 1 changes in 900 seconds. Saving...
240266:M 28 Jul 2025 00:32:22.923 * Background saving started by pid 429972
429972:C 28 Jul 2025 00:32:22.953 * DB saved on disk
429972:C 28 Jul 2025 00:32:22.954 * Fork CoW for RDB: current 0 MB, peak 0 MB, average 0 MB
240266:M 28 Jul 2025 00:32:23.024 * Background saving terminated with success
240266:M 28 Jul 2025 00:33:24.062 * 10000 changes in 60 seconds. Saving...
240266:M 28 Jul 2025 00:33:24.062 * Background saving started by pid 431947
431947:C 28 Jul 2025 00:33:24.070 * DB saved on disk
431947:C 28 Jul 2025 00:33:24.070 * Fork CoW for RDB: current 0 MB, peak 0 MB, average 0 MB
240266:M 28 Jul 2025 00:33:24.163 * Background saving terminated with success
240266:M 28 Jul 2025 00:46:15.672 * 10 changes in 300 seconds. Saving...
240266:M 28 Jul 2025 00:46:15.672 * Background saving started by pid 450851
450851:C 28 Jul 2025 00:46:15.680 * DB saved on disk
450851:C 28 Jul 2025 00:46:15.681 * Fork CoW for RDB: current 0 MB, peak 0 MB, average 0 MB
240266:M 28 Jul 2025 00:46:15.774 * Background saving terminated with success
240266:M 28 Jul 2025 00:46:15.875 * Starting automatic rewriting of AOF on 6722040300% growth
240266:M 28 Jul 2025 00:46:15.876 * Creating AOF incr file appendonly-7016.aof.2.incr.aof on background rewrite
240266:M 28 Jul 2025 00:46:15.877 * Background append only file rewriting started by pid 450867
450867:C 28 Jul 2025 00:46:15.891 * Successfully created the temporary AOF base file temp-rewriteaof-bg-450867.aof
450867:C 28 Jul 2025 00:46:15.891 * Fork CoW for AOF rewrite: current 0 MB, peak 0 MB, average 0 MB
240266:M 28 Jul 2025 00:46:15.978 * Background AOF rewrite terminated with success
240266:M 28 Jul 2025 00:46:15.978 * Successfully renamed the temporary AOF base file temp-rewriteaof-bg-450867.aof into appendonly-7016.aof.2.base.rdb
240266:M 28 Jul 2025 00:46:15.981 * Removing the history file appendonly-7016.aof.1.incr.aof in the background
240266:M 28 Jul 2025 00:46:15.981 * Removing the history file appendonly-7016.aof.1.base.rdb in the background
240266:M 28 Jul 2025 00:46:15.985 * Background AOF rewrite finished successfully
240266:M 28 Jul 2025 00:47:16.046 * 10000 changes in 60 seconds. Saving...
240266:M 28 Jul 2025 00:47:16.046 * Background saving started by pid 452949
452949:C 28 Jul 2025 00:47:16.054 * DB saved on disk
452949:C 28 Jul 2025 00:47:16.054 * Fork CoW for RDB: current 0 MB, peak 0 MB, average 0 MB
240266:M 28 Jul 2025 00:47:16.147 * Background saving terminated with success
240266:M 28 Jul 2025 00:51:16.142 * 10000 changes in 60 seconds. Saving...
240266:M 28 Jul 2025 00:51:16.142 * Background saving started by pid 463461
463461:C 28 Jul 2025 00:51:16.150 * DB saved on disk
463461:C 28 Jul 2025 00:51:16.150 * Fork CoW for RDB: current 0 MB, peak 0 MB, average 0 MB
240266:M 28 Jul 2025 00:51:16.243 * Background saving terminated with success
240266:M 28 Jul 2025 00:52:16.487 * Starting automatic rewriting of AOF on 11919% growth
240266:M 28 Jul 2025 00:52:16.492 * Creating AOF incr file appendonly-7016.aof.3.incr.aof on background rewrite
240266:M 28 Jul 2025 00:52:16.493 * Background append only file rewriting started by pid 466897
466897:C 28 Jul 2025 00:52:16.507 * Successfully created the temporary AOF base file temp-rewriteaof-bg-466897.aof
466897:C 28 Jul 2025 00:52:16.507 * Fork CoW for AOF rewrite: current 1 MB, peak 1 MB, average 1 MB
240266:M 28 Jul 2025 00:52:16.594 * Background AOF rewrite terminated with success
240266:M 28 Jul 2025 00:52:16.594 * Successfully renamed the temporary AOF base file temp-rewriteaof-bg-466897.aof into appendonly-7016.aof.3.base.rdb
240266:M 28 Jul 2025 00:52:16.595 * Removing the history file appendonly-7016.aof.2.incr.aof in the background
240266:M 28 Jul 2025 00:52:16.595 * Removing the history file appendonly-7016.aof.2.base.rdb in the background
240266:M 28 Jul 2025 00:52:16.596 * Background AOF rewrite finished successfully
240266:M 28 Jul 2025 00:52:17.099 * 10000 changes in 60 seconds. Saving...
240266:M 28 Jul 2025 00:52:17.100 * Background saving started by pid 466946
466946:C 28 Jul 2025 00:52:17.112 * DB saved on disk
466946:C 28 Jul 2025 00:52:17.113 * Fork CoW for RDB: current 0 MB, peak 0 MB, average 0 MB
240266:M 28 Jul 2025 00:52:17.200 * Background saving terminated with success
240266:M 28 Jul 2025 00:53:18.062 * 10000 changes in 60 seconds. Saving...
240266:M 28 Jul 2025 00:53:18.063 * Background saving started by pid 470431
470431:C 28 Jul 2025 00:53:18.076 * DB saved on disk
470431:C 28 Jul 2025 00:53:18.077 * Fork CoW for RDB: current 0 MB, peak 0 MB, average 0 MB
240266:M 28 Jul 2025 00:53:18.163 * Background saving terminated with success
240266:M 28 Jul 2025 00:54:19.025 * 10000 changes in 60 seconds. Saving...
240266:M 28 Jul 2025 00:54:19.031 * Background saving started by pid 472687
472687:C 28 Jul 2025 00:54:19.056 * DB saved on disk
472687:C 28 Jul 2025 00:54:19.057 * Fork CoW for RDB: current 1 MB, peak 1 MB, average 1 MB
240266:M 28 Jul 2025 00:54:19.132 * Background saving terminated with success
240266:M 28 Jul 2025 00:54:44.855 * Starting automatic rewriting of AOF on 16042% growth
240266:M 28 Jul 2025 00:54:44.860 * Creating AOF incr file appendonly-7016.aof.4.incr.aof on background rewrite
240266:M 28 Jul 2025 00:54:44.863 * Background append only file rewriting started by pid 473557
473557:C 28 Jul 2025 00:54:44.879 * Successfully created the temporary AOF base file temp-rewriteaof-bg-473557.aof
473557:C 28 Jul 2025 00:54:44.880 * Fork CoW for AOF rewrite: current 0 MB, peak 0 MB, average 0 MB
240266:M 28 Jul 2025 00:54:44.963 * Background AOF rewrite terminated with success
240266:M 28 Jul 2025 00:54:44.963 * Successfully renamed the temporary AOF base file temp-rewriteaof-bg-473557.aof into appendonly-7016.aof.4.base.rdb
240266:M 28 Jul 2025 00:54:44.964 * Removing the history file appendonly-7016.aof.3.incr.aof in the background
240266:M 28 Jul 2025 00:54:44.964 * Removing the history file appendonly-7016.aof.3.base.rdb in the background
240266:M 28 Jul 2025 00:54:44.966 * Background AOF rewrite finished successfully
240266:M 28 Jul 2025 00:54:51.014 * Starting automatic rewriting of AOF on 18334% growth
240266:M 28 Jul 2025 00:54:51.024 * Creating AOF incr file appendonly-7016.aof.5.incr.aof on background rewrite
240266:M 28 Jul 2025 00:54:51.025 * Background append only file rewriting started by pid 473881
473881:C 28 Jul 2025 00:54:51.044 * Successfully created the temporary AOF base file temp-rewriteaof-bg-473881.aof
473881:C 28 Jul 2025 00:54:51.044 * Fork CoW for AOF rewrite: current 0 MB, peak 0 MB, average 0 MB
240266:M 28 Jul 2025 00:54:51.126 * Background AOF rewrite terminated with success
240266:M 28 Jul 2025 00:54:51.126 * Successfully renamed the temporary AOF base file temp-rewriteaof-bg-473881.aof into appendonly-7016.aof.5.base.rdb
240266:M 28 Jul 2025 00:54:51.127 * Removing the history file appendonly-7016.aof.4.incr.aof in the background
240266:M 28 Jul 2025 00:54:51.127 * Removing the history file appendonly-7016.aof.4.base.rdb in the background
240266:M 28 Jul 2025 00:54:51.128 * Background AOF rewrite finished successfully
240266:M 28 Jul 2025 00:55:20.084 * 10000 changes in 60 seconds. Saving...
240266:M 28 Jul 2025 00:55:20.085 * Background saving started by pid 474666
474666:C 28 Jul 2025 00:55:20.098 * DB saved on disk
474666:C 28 Jul 2025 00:55:20.099 * Fork CoW for RDB: current 0 MB, peak 0 MB, average 0 MB
240266:M 28 Jul 2025 00:55:20.186 * Background saving terminated with success
